<?xml version="1.0"?>
<Env>
	<Dev>
		<BrowserName>
			IE
		</BrowserName>
		<BrowserURL>
			YourLoginUrl
		</BrowserURL>
		<LoginPageURL>
			YourLoginPageUrl
		</LoginPageURL>
		<UserName>
			YourUserName
		</UserName>
		<EncodedPwd>
			your-encrypted-pwd
		</EncodedPwd>
		<HomePageURL>
			YourHomeLoginUrl
		</HomePageURL>
	</Dev>
	<Test>
		<BrowserName>
			CHROME
		</BrowserName>
		<BrowserURL>
			YourLoginUrl2
		</BrowserURL>
		<LoginPageURL>
			YourLoginPageUrl2
		</LoginPageURL>
		<UserName>
			YourUserName2
		</UserName>
		<EncodedPwd>
			your-encrypted-pwd2
		</EncodedPwd>
		<HomePageURL>
			YourHomeLoginUrl2
		</HomePageURL>
	</Test> 
</Env>
